2025-06-24 19:10:39 Client: set 1 1
2025-06-24 19:10:39 Server: OK
2025-06-24 19:11:22 Client: set 1 1
2025-06-24 19:11:22 Server: OK
2025-06-24 19:11:26 Client: get 1
2025-06-24 19:11:26 Server: 1
2025-06-24 19:13:00 Client: set 1 1
2025-06-24 19:13:00 Server: OK
2025-06-24 19:15:13 Client: set 1 1
2025-06-24 19:15:13 Server: OK
2025-06-24 19:15:19 Client: get 1
2025-06-24 19:15:19 Server: 1
2025-06-24 19:15:26 Client: get no
2025-06-24 19:15:26 Server: 22
2025-06-30 12:11:39 Client: set 1 1
2025-06-30 12:11:39 Server: OK
2025-06-30 12:46:58 Client: 
2025-06-30 12:46:58 Server: 无效请求
2025-06-30 12:47:06 Client: set 1 2
2025-06-30 12:47:06 Server: OK
2025-06-30 12:47:09 Client: get 1
2025-06-30 12:47:09 Server: 2
2025-06-30 12:47:14 Client: get no
2025-06-30 12:47:14 Server: 22
2025-06-30 12:51:27 Client: get 1
2025-06-30 12:51:27 Server: 2
2025-06-30 12:51:31 Client: exit
2025-06-30 12:51:31 Server: 无效请求
2025-07-02 14:56:26 Client: set 1 1
2025-07-02 14:56:26 Server: OK
2025-07-02 14:56:30 Client: get 2
2025-07-02 14:56:30 Server: OK
2025-07-02 14:56:34 Client: get 3
2025-07-02 14:56:34 Server: key不存在
2025-07-02 14:56:39 Client: get no
2025-07-02 14:56:39 Server: 22
2025-07-02 14:56:57 Client: 
2025-07-02 14:56:57 Server: 无效请求
2025-07-02 15:04:12 Client: set 1 1
2025-07-02 15:04:12 Server: OK
2025-07-02 15:04:19 Client: get 1
2025-07-02 15:04:19 Server: 1
2025-07-02 15:04:24 Client: rm 1
2025-07-02 15:04:24 Server: OK
2025-07-02 15:04:29 Client: set 1 1
2025-07-02 15:04:29 Server: OK
2025-07-02 15:05:37 Client: set 1
2025-07-02 15:05:37 Server: set请求无效
2025-07-02 15:05:45 Client: get 1
2025-07-02 15:05:45 Server: 1
2025-07-02 15:05:48 Client: get 1
2025-07-02 15:05:48 Server: 1
2025-07-02 15:05:53 Client: set 1 2
2025-07-02 15:05:53 Server: OK
2025-07-02 15:05:57 Client: get 1
2025-07-02 15:05:57 Server: 2
2025-07-02 15:08:37 Client: 1=1 2=ok 3=2
2025-07-02 15:08:37 Server: 不知名的命令
2025-07-02 15:08:56 Client: 1 1 2 3 4 5
2025-07-02 15:08:56 Server: 不知名的命令
2025-07-02 15:10:12 Client: set 1 1
2025-07-02 15:10:12 Server: OK
2025-07-02 15:10:12 Client: get 1
2025-07-02 15:10:12 Server: 1
2025-07-02 15:11:00 Client: set 1 1
2025-07-02 15:11:00 Server: OK
2025-07-02 15:11:00 Client: set 2 ok
2025-07-02 15:11:00 Server: OK
2025-07-02 15:11:00 Client: set 3 4
2025-07-02 15:11:00 Server: OK
2025-07-02 15:22:35 Client: set 1 1
2025-07-02 15:22:35 Server: 从节点不支持写操作
2025-07-02 15:22:42 Client: get 1
2025-07-02 15:22:42 Server: 1
2025-07-02 15:32:33 Client: get 1
2025-07-02 15:32:33 Server: 1
2025-07-02 15:32:37 Client: set 1 1
2025-07-02 15:32:37 Server: OK
2025-07-02 15:32:46 Client: get 2
2025-07-02 15:32:46 Server: ok
2025-07-02 15:32:49 Client: get 3
2025-07-02 15:32:49 Server: 4
2025-07-02 15:48:55 Client: set 1 1
2025-07-02 15:48:55 Server: OK
2025-07-02 15:49:21 Client: set 1 1
2025-07-02 15:49:21 Server: OK
2025-07-02 15:49:21 Client: set 2 ok
2025-07-02 15:49:21 Server: OK
2025-07-02 15:49:21 Client: set 3 4
2025-07-02 15:49:21 Server: OK
2025-07-02 15:50:10 Client: get 1
2025-07-02 15:50:10 Server: 1
2025-07-02 15:50:13 Client: get 2
2025-07-02 15:50:13 Server: ok
2025-07-02 15:50:17 Client: get 5
2025-07-02 15:50:17 Server: 66
2025-07-02 16:15:05 Client: get 1
2025-07-02 16:15:05 Server: 1
2025-07-02 16:15:10 Client: get 1
2025-07-02 16:15:10 Server: 1
2025-07-02 16:15:13 Client: get 2
2025-07-02 16:15:13 Server: ok
2025-07-02 16:15:17 Client: set 1
2025-07-02 16:15:17 Server: 从节点不支持写操作
2025-07-02 16:15:20 Client: set 1
2025-07-02 16:15:20 Server: 从节点不支持写操作
2025-07-02 16:15:33 Client: set 1 1
2025-07-02 16:15:33 Server: 从节点不支持写操作
2025-07-02 16:15:33 Client: get 1
2025-07-02 16:15:33 Server: 1
