2025-06-24 19:06:56 NoSQL服务器在端口上启动 12345
2025-06-24 19:07:37 错误: Connection reset
2025-06-24 19:08:06 NoSQL服务器在端口上启动 12345
2025-06-24 19:10:06 NoSQL服务器在端口上启动 12345
2025-06-24 19:10:39 收到: set 1 1 | 回答: OK
2025-06-24 19:11:07 NoSQL服务器在端口上启动 12345
2025-06-24 19:11:22 收到: set 1 1 | 回答: OK
2025-06-24 19:11:26 收到: get 1 | 回答: 1
2025-06-24 19:11:39 收到: exit | 回答: 无效请求
2025-06-24 19:12:50 NoSQL服务器在端口上启动 12345
2025-06-24 19:13:00 收到: set 1 1 | 回答: OK
2025-06-24 19:13:06 错误: Connection reset
2025-06-24 19:15:04 NoSQL服务器在端口上启动 12345
2025-06-24 19:15:13 收到: set 1 1 | 回答: OK
2025-06-24 19:15:19 收到: get 1 | 回答: 1
2025-06-24 19:15:26 收到: get no | 回答: 22
2025-06-30 12:10:13 NoSQL服务器在端口上启动 12345
2025-06-30 12:11:39 收到: set 1 1 | 回答: OK
2025-06-30 12:11:57 错误: Connection reset
2025-06-30 12:11:57 错误: Connection reset
2025-06-30 12:46:52 NoSQL服务器在端口上启动 12345
2025-06-30 12:46:58 收到:  | 回答: 无效请求
2025-06-30 12:47:06 收到: set 1 2 | 回答: OK
2025-06-30 12:47:09 收到: get 1 | 回答: 2
2025-06-30 12:47:14 收到: get no | 回答: 22
2025-06-30 12:47:21 错误: Connection reset
2025-06-30 12:51:20 NoSQL服务器在端口上启动 12345
2025-06-30 12:51:27 收到: get 1 | 回答: 2
2025-06-30 12:51:31 收到: exit | 回答: 无效请求
2025-07-02 14:56:13 NoSQL服务器在端口上启动 12345
2025-07-02 14:56:26 收到: set 1 1 | 回答: OK
2025-07-02 14:56:30 收到: get 2 | 回答: OK
2025-07-02 14:56:34 收到: get 3 | 回答: key不存在
2025-07-02 14:56:39 收到: get no | 回答: 22
2025-07-02 14:56:57 收到:  | 回答: 无效请求
2025-07-02 14:57:00 错误: Connection reset
